0 info it worked if it ends with ok
1 verbose cli [ '/usr/local/bin/node', '/usr/local/bin/npm', 'run', 'deploy' ]
2 info using npm@3.10.10
3 info using node@v6.10.3
4 verbose run-script [ 'predeploy', 'deploy', 'postdeploy' ]
5 info lifecycle coldsmoke-insights@1.0.0~predeploy: coldsmoke-insights@1.0.0
6 silly lifecycle coldsmoke-insights@1.0.0~predeploy: no script for predeploy, continuing
7 info lifecycle coldsmoke-insights@1.0.0~deploy: coldsmoke-insights@1.0.0
8 verbose lifecycle coldsmoke-insights@1.0.0~deploy: unsafe-perm in lifecycle true
9 verbose lifecycle coldsmoke-insights@1.0.0~deploy: PATH: /usr/local/lib/node_modules/npm/bin/node-gyp-bin:/Users/Neel/RealEstateApp/coldsmoke-insights/coldsmoke-insights/node_modules/.bin:/usr/local/bin:/usr/bin:/bin:/usr/sbin:/sbin
10 verbose lifecycle coldsmoke-insights@1.0.0~deploy: CWD: /Users/Neel/RealEstateApp/coldsmoke-insights/coldsmoke-insights
11 silly lifecycle coldsmoke-insights@1.0.0~deploy: Args: [ '-c', 'gh-pages -d builds/dist' ]
12 silly lifecycle coldsmoke-insights@1.0.0~deploy: Returned: code: 1  signal: null
13 info lifecycle coldsmoke-insights@1.0.0~deploy: Failed to exec deploy script
14 verbose stack Error: coldsmoke-insights@1.0.0 deploy: `gh-pages -d builds/dist`
14 verbose stack Exit status 1
14 verbose stack     at EventEmitter.<anonymous> (/usr/local/lib/node_modules/npm/lib/utils/lifecycle.js:255:16)
14 verbose stack     at emitTwo (events.js:106:13)
14 verbose stack     at EventEmitter.emit (events.js:191:7)
14 verbose stack     at ChildProcess.<anonymous> (/usr/local/lib/node_modules/npm/lib/utils/spawn.js:40:14)
14 verbose stack     at emitTwo (events.js:106:13)
14 verbose stack     at ChildProcess.emit (events.js:191:7)
14 verbose stack     at maybeClose (internal/child_process.js:886:16)
14 verbose stack     at Process.ChildProcess._handle.onexit (internal/child_process.js:226:5)
15 verbose pkgid coldsmoke-insights@1.0.0
16 verbose cwd /Users/Neel/RealEstateApp/coldsmoke-insights/coldsmoke-insights
17 error Darwin 16.7.0
18 error argv "/usr/local/bin/node" "/usr/local/bin/npm" "run" "deploy"
19 error node v6.10.3
20 error npm  v3.10.10
21 error code ELIFECYCLE
22 error coldsmoke-insights@1.0.0 deploy: `gh-pages -d builds/dist`
22 error Exit status 1
23 error Failed at the coldsmoke-insights@1.0.0 deploy script 'gh-pages -d builds/dist'.
23 error Make sure you have the latest version of node.js and npm installed.
23 error If you do, this is most likely a problem with the coldsmoke-insights package,
23 error not with npm itself.
23 error Tell the author that this fails on your system:
23 error     gh-pages -d builds/dist
23 error You can get information on how to open an issue for this project with:
23 error     npm bugs coldsmoke-insights
23 error Or if that isn't available, you can get their info via:
23 error     npm owner ls coldsmoke-insights
23 error There is likely additional logging output above.
24 verbose exit [ 1, true ]
